2021-09-16T13:52:05,099 [main] INFO  (prueba.java:14) - aszodfncadjon
2021-09-16T13:52:15,309 [main] ERROR (prueba.java:13) - malditasea
2021-09-16T13:52:15,316 [main] INFO  (prueba.java:14) - aszodfncadjon
2021-09-16T13:59:08,850 [main] INFO  (TestSearch.java:28) - Navigate To Amazon Page, driver version 93.0.4577.82
2021-09-16T13:59:12,159 [main] INFO  (TestSearch.java:35) - search Playstation 4
2021-09-16T13:59:22,696 [main] INFO  (TestSearch.java:38) - Click on the first item
2021-09-16T13:59:29,226 [main] INFO  (TestSearch.java:43) - verify that the product is added
2021-09-16T14:01:20,885 [main] INFO  (TestSearch.java:28) - Navigate To Amazon Page, driver version 93.0.4577.82
2021-09-16T14:01:24,396 [main] INFO  (TestSearch.java:35) - search Playstation 4
2021-09-16T14:01:33,622 [main] INFO  (TestSearch.java:38) - Click on the first item
2021-09-16T14:02:05,673 [main] INFO  (TestSearch.java:28) - Navigate To Amazon Page, driver version 93.0.4577.82
2021-09-16T14:02:10,173 [main] INFO  (TestSearch.java:35) - search Playstation 4
2021-09-16T14:02:20,078 [main] INFO  (TestSearch.java:38) - Click on the first item
2021-09-16T14:02:27,933 [main] INFO  (TestSearch.java:43) - verify that the product is added
2021-09-16T14:02:27,973 [main] ERROR (TestSearch.java:48) - Element not found
2021-09-16T14:03:03,978 [main] INFO  (TestSearch.java:28) - Navigate To Amazon Page, driver version 93.0.4577.82
2021-09-16T14:03:07,537 [main] INFO  (TestSearch.java:35) - search Playstation 4
2021-09-16T14:03:17,095 [main] INFO  (TestSearch.java:38) - Click on the first item
2021-09-16T14:03:25,605 [main] INFO  (TestSearch.java:43) - verify that the product is added
2021-09-16T14:03:25,673 [main] ERROR (TestSearch.java:48) - Element not found
2021-09-16T14:05:53,088 [main] INFO  (TestSearch.java:28) - Navigate To Amazon Page, driver version 93.0.4577.82
2021-09-16T14:05:56,630 [main] INFO  (TestSearch.java:35) - search Playstation 4
2021-09-16T14:06:06,035 [main] INFO  (TestSearch.java:38) - Click on the first item
2021-09-16T14:06:20,897 [main] INFO  (TestSearch.java:43) - verify that the product is added
2021-09-16T14:06:20,950 [main] ERROR (TestSearch.java:48) - Element not found
2021-09-16T14:54:15,426 [main] INFO  (TestSearch.java:28) - Navigate To Amazon Page, driver version 93.0.4577.82
2021-09-16T14:54:19,060 [main] INFO  (TestSearch.java:35) - search Playstation 4
2021-09-16T14:54:32,543 [main] INFO  (TestSearch.java:38) - Click on the first item
2021-09-16T14:54:49,860 [main] INFO  (TestSearch.java:43) - verify that the product is added
2021-09-16T14:55:54,701 [main] INFO  (TestSearch.java:28) - Navigate To Amazon Page, driver version 93.0.4577.82
2021-09-16T14:56:00,797 [main] INFO  (TestSearch.java:35) - search Playstation 4
2021-09-16T14:56:10,363 [main] INFO  (TestSearch.java:38) - Click on the first item
2021-09-16T14:58:34,929 [main] INFO  (TestSearch.java:28) - Navigate To Amazon Page, driver version 93.0.4577.82
2021-09-16T14:58:51,409 [main] INFO  (TestSearch.java:35) - search Playstation 4
2021-09-16T14:59:02,274 [main] INFO  (TestSearch.java:38) - Click on the first item
2021-09-16T14:59:19,480 [main] INFO  (TestSearch.java:43) - verify that the product is added
2021-09-16T14:59:19,659 [main] ERROR (TestSearch.java:48) - Element not found
2021-09-16T15:01:18,567 [main] INFO  (TestSearch.java:28) - Navigate To Amazon Page, driver version 93.0.4577.82
2021-09-16T15:01:23,020 [main] INFO  (TestSearch.java:35) - search Playstation 4
2021-09-16T15:01:33,503 [main] INFO  (TestSearch.java:38) - Click on the first item
2021-09-16T15:01:39,074 [main] INFO  (TestSearch.java:43) - verify that the product is added
2021-09-16T15:01:39,142 [main] ERROR (TestSearch.java:48) - Element not found
2021-09-16T15:02:56,721 [main] INFO  (TestSearch.java:28) - Navigate To Amazon Page, driver version 93.0.4577.82
2021-09-16T15:03:03,367 [main] INFO  (TestSearch.java:35) - search Playstation 4
2021-09-16T15:03:16,961 [main] INFO  (TestSearch.java:38) - Click on the first item
2021-09-16T15:04:37,076 [main] INFO  (TestSearch.java:28) - Navigate To Amazon Page, driver version 93.0.4577.82
2021-09-16T15:05:06,442 [main] INFO  (TestSearch.java:28) - Navigate To Amazon Page, driver version 93.0.4577.82
2021-09-16T15:05:11,330 [main] INFO  (TestSearch.java:35) - search Playstation 4
2021-09-16T15:05:21,980 [main] INFO  (TestSearch.java:38) - Click on the first item
2021-09-16T15:05:31,678 [main] INFO  (TestSearch.java:43) - verify that the product is added
2021-09-16T15:05:31,777 [main] ERROR (TestSearch.java:48) - Element not found
2021-09-16T15:06:03,796 [main] INFO  (TestSearch.java:28) - Navigate To Amazon Page, driver version 93.0.4577.82
2021-09-16T15:06:10,312 [main] INFO  (TestSearch.java:35) - search Playstation 4
2021-09-16T15:06:20,494 [main] INFO  (TestSearch.java:38) - Click on the first item
2021-09-16T15:06:26,911 [main] INFO  (TestSearch.java:43) - verify that the product is added
